-------------------------------------------------------------------------------
Test set: autojudge.docker.DockerRunnerTest
-------------------------------------------------------------------------------
Tests run: 2, Failures: 2, Errors: 0, Skipped: 0, Time elapsed: 3.947 s <<< FAILURE! -- in autojudge.docker.DockerRunnerTest
autojudge.docker.DockerRunnerTest.detectsMaliciousCodeAndDestroysContainer -- Time elapsed: 2.522 s <<< FAILURE!
org.opentest4j.AssertionFailedError: expected: <MALICIOUS_CODE> but was: <INTERNAL_ERROR>
	at org.junit.jupiter.api.AssertionFailureBuilder.build(AssertionFailureBuilder.java:151)
	at org.junit.jupiter.api.AssertionFailureBuilder.buildAndThrow(AssertionFailureBuilder.java:132)
	at org.junit.jupiter.api.AssertEquals.failNotEqual(AssertEquals.java:197)
	at org.junit.jupiter.api.AssertEquals.assertEquals(AssertEquals.java:182)
	at org.junit.jupiter.api.AssertEquals.assertEquals(AssertEquals.java:177)
	at org.junit.jupiter.api.Assertions.assertEquals(Assertions.java:1145)
	at autojudge.docker.DockerRunnerTest.detectsMaliciousCodeAndDestroysContainer(DockerRunnerTest.java:90)
	at java.base/java.lang.reflect.Method.invoke(Method.java:565)
	at java.base/java.util.ArrayList.forEach(ArrayList.java:1604)
	at java.base/java.util.ArrayList.forEach(ArrayList.java:1604)

autojudge.docker.DockerRunnerTest.runsSimplePythonSubmission -- Time elapsed: 1.407 s <<< FAILURE!
org.opentest4j.AssertionFailedError: expected: <ACCEPTED> but was: <INTERNAL_ERROR>
	at org.junit.jupiter.api.AssertionFailureBuilder.build(AssertionFailureBuilder.java:151)
	at org.junit.jupiter.api.AssertionFailureBuilder.buildAndThrow(AssertionFailureBuilder.java:132)
	at org.junit.jupiter.api.AssertEquals.failNotEqual(AssertEquals.java:197)
	at org.junit.jupiter.api.AssertEquals.assertEquals(AssertEquals.java:182)
	at org.junit.jupiter.api.AssertEquals.assertEquals(AssertEquals.java:177)
	at org.junit.jupiter.api.Assertions.assertEquals(Assertions.java:1145)
	at autojudge.docker.DockerRunnerTest.runsSimplePythonSubmission(DockerRunnerTest.java:53)
	at java.base/java.lang.reflect.Method.invoke(Method.java:565)
	at java.base/java.util.ArrayList.forEach(ArrayList.java:1604)
	at java.base/java.util.ArrayList.forEach(ArrayList.java:1604)

