<?xml version="1.0" encoding="UTF-8"?>
<testsuite xmlns:xsi="http://www.w3.org/2001/XMLSchema-instance" xsi:noNamespaceSchemaLocation="https://maven.apache.org/surefire/maven-surefire-plugin/xsd/surefire-test-report-3.0.xsd" version="3.0" name="autojudge.docker.DockerRunnerTest" time="22.046" tests="2" errors="0" skipped="0" failures="0">
  <properties>
[...]
</properties>
  <testcase name="detectsMaliciousCodeAndDestroysContainer" classname="autojudge.docker.DockerRunnerTest" time="11.418">
    <system-out><![CDATA[[DockerRunner.java:41] Step 1: Provisioning & starting Docker container for student: student-malicious
[DockerRunner.java:43] Container started successfully. ID: 8ff9e4a1f7fff16b116e571a60f19aa7290c1d2f710dc9d7d5a8fe9b1bb4df02
[DockerRunner.java:45] Step 2: Copying submission source files into container
[DockerRunner.java:47] Submission copied to container path: /workspace/malicious_submission
[DockerRunner.java:49] Step 3: Scanning layout and compiling submission inside container
[DockerRunner.java:56] Compilation succeeded
[DockerRunner.java:58] Step 4: Executing 1 test cases
[DockerRunner.java:150] Executing Test Case: case-1
[DockerRunner.java:152] Test Case case-1 finished -> Verdict: MALICIOUS_CODE [ExitCode: -1, Time: 96ms]
[DockerRunner.java:157] Malicious code detected! Destroying container immediately.
[DockerRunner.java:65] Step 5: Cleaning up container resources
]]></system-out>
    <system-err><![CDATA[SLF4J: Failed to load class "org.slf4j.impl.StaticLoggerBinder".
SLF4J: Defaulting to no-operation (NOP) logger implementation
SLF4J: See http://www.slf4j.org/codes.html#StaticLoggerBinder for further details.
Aug 04, 2026 9:53:20 PM org.glassfish.jersey.message.internal.MessagingBinders$EnabledProvidersBinder bindToBinder
WARNING: A class javax.activation.DataSource for a default provider MessageBodyWriter<javax.activation.DataSource> was not found. The provider is not available.
]]></system-err>
  </testcase>
  <testcase name="runsSimplePythonSubmission" classname="autojudge.docker.DockerRunnerTest" time="10.626">
    <system-out><![CDATA[[DockerRunner.java:41] Step 1: Provisioning & starting Docker container for student: student-1
[DockerRunner.java:43] Container started successfully. ID: 1815c73aeb83055908a08da5cf4416fcf6b94b5b55e766dc807cdb3877c30890
[DockerRunner.java:45] Step 2: Copying submission source files into container
[DockerRunner.java:47] Submission copied to container path: /workspace/submission
[DockerRunner.java:49] Step 3: Scanning layout and compiling submission inside container
[DockerRunner.java:56] Compilation succeeded
[DockerRunner.java:58] Step 4: Executing 1 test cases
[DockerRunner.java:150] Executing Test Case: case-1
[DockerRunner.java:152] Test Case case-1 finished -> Verdict: ACCEPTED [ExitCode: 0, Time: 96ms]
[DockerRunner.java:65] Step 5: Cleaning up container resources
]]></system-out>
  </testcase>
</testsuite>